<?xml version="1.0" encoding="UTF-8"?>
<!-- Generated by org.testng.reporters.JUnitReportReporter -->
<testsuite hostname="Signature-IT-QA" failures="0" tests="1" name="com.agario.testcases.CoinsTest" time="19.950" errors="0" timestamp="2020-02-26T11:38:55 IST" skipped="0">
  <testcase classname="com.agario.testcases.CoinsTest" name="agarioApp" time="19.950"/>
  <system-out/>
</testsuite> <!-- com.agario.testcases.CoinsTest -->
